
LOGIN: alice id=1 time=2025-11-19 17:56:29 UTC
REGISTER: gen_sampleuser_0 id=4 time=2025-11-19T17:57:01Z time=2025-11-19 17:57:01 UTC
REGISTER: gen_sampleuser_1 id=5 time=2025-11-19T17:57:01Z time=2025-11-19 17:57:01 UTC
REGISTER: gen_sampleuser_2 id=6 time=2025-11-19T17:57:01Z time=2025-11-19 17:57:01 UTC
REGISTER: gen_sampleuser_3 id=7 time=2025-11-19T17:57:02Z time=2025-11-19 17:57:02 UTC
REGISTER: gen_sampleuser_4 id=8 time=2025-11-19T17:57:02Z time=2025-11-19 17:57:02 UTC
TASK_CREATE: user=4 task=1 title=sample task 0 for gen_sampleuser_0 time=2025-11-19 17:57:02 UTC
TASK_CREATE: user=4 task=2 title=sample task 1 for gen_sampleuser_0 time=2025-11-19 17:57:02 UTC
TASK_CREATE: user=5 task=3 title=sample task 0 for gen_sampleuser_1 time=2025-11-19 17:57:02 UTC
TASK_CREATE: user=5 task=4 title=sample task 1 for gen_sampleuser_1 time=2025-11-19 17:57:02 UTC
TASK_CREATE: user=6 task=5 title=sample task 0 for gen_sampleuser_2 time=2025-11-19 17:57:02 UTC
TASK_CREATE: user=6 task=6 title=sample task 1 for gen_sampleuser_2 time=2025-11-19 17:57:02 UTC
TASK_CREATE: user=7 task=7 title=sample task 0 for gen_sampleuser_3 time=2025-11-19 17:57:02 UTC
TASK_CREATE: user=7 task=8 title=sample task 1 for gen_sampleuser_3 time=2025-11-19 17:57:02 UTC
TASK_CREATE: user=8 task=9 title=sample task 0 for gen_sampleuser_4 time=2025-11-19 17:57:02 UTC
TASK_CREATE: user=8 task=10 title=sample task 1 for gen_sampleuser_4 time=2025-11-19 17:57:02 UTC
REGISTER: gen_1763575137_0 id=4 time=2025-11-19T17:58:57Z time=2025-11-19 17:58:57 UTC
REGISTER: gen_1763575137_1 id=5 time=2025-11-19T17:58:58Z time=2025-11-19 17:58:58 UTC
REGISTER: gen_1763575138_2 id=6 time=2025-11-19T17:58:58Z time=2025-11-19 17:58:58 UTC
REGISTER: gen_1763575138_3 id=7 time=2025-11-19T17:58:58Z time=2025-11-19 17:58:58 UTC
REGISTER: gen_1763575138_4 id=8 time=2025-11-19T17:58:58Z time=2025-11-19 17:58:58 UTC
TASK_CREATE: user=4 task=11 title=sample task 0 for gen_1763575137_0 time=2025-11-19 17:58:58 UTC
TASK_CREATE: user=4 task=12 title=sample task 1 for gen_1763575137_0 time=2025-11-19 17:58:58 UTC
TASK_CREATE: user=5 task=13 title=sample task 0 for gen_1763575137_1 time=2025-11-19 17:58:58 UTC
TASK_CREATE: user=5 task=14 title=sample task 1 for gen_1763575137_1 time=2025-11-19 17:58:58 UTC
TASK_CREATE: user=6 task=15 title=sample task 0 for gen_1763575138_2 time=2025-11-19 17:58:58 UTC
TASK_CREATE: user=6 task=16 title=sample task 1 for gen_1763575138_2 time=2025-11-19 17:58:58 UTC
TASK_CREATE: user=7 task=17 title=sample task 0 for gen_1763575138_3 time=2025-11-19 17:58:58 UTC
TASK_CREATE: user=7 task=18 title=sample task 1 for gen_1763575138_3 time=2025-11-19 17:58:58 UTC
TASK_CREATE: user=8 task=19 title=sample task 0 for gen_1763575138_4 time=2025-11-19 17:58:58 UTC
TASK_CREATE: user=8 task=20 title=sample task 1 for gen_1763575138_4 time=2025-11-19 17:58:58 UTC
REGISTER: gen_1763575165_0 id=9 time=2025-11-19T17:59:25Z time=2025-11-19 17:59:25 UTC
REGISTER: gen_1763575165_1 id=10 time=2025-11-19T17:59:25Z time=2025-11-19 17:59:25 UTC
REGISTER: gen_1763575165_2 id=11 time=2025-11-19T17:59:25Z time=2025-11-19 17:59:25 UTC
TASK_CREATE: user=9 task=21 title=sample task 0 for gen_1763575165_0 time=2025-11-19 17:59:25 UTC
TASK_CREATE: user=10 task=22 title=sample task 0 for gen_1763575165_1 time=2025-11-19 17:59:25 UTC
TASK_CREATE: user=11 task=23 title=sample task 0 for gen_1763575165_2 time=2025-11-19 17:59:25 UTC
REGISTER: tim id=12 time=2025-11-20T02:58:36Z time=2025-11-20 02:58:36 UTC
LOGIN: alice id=1 time=2025-11-20 03:03:18 UTC
LOGIN: alice id=1 time=2025-11-20 03:49:47 UTC
ADMIN_DELETE_ALL performed by admin id=1 time=2025-11-20T03:50:29Z time=2025-11-20 03:50:29 UTC
LOGIN: alice id=1 time=2025-11-20 03:50:54 UTC
ADMIN_DELETE_ALL performed by admin id=1 time=2025-11-20T03:51:07Z time=2025-11-20 03:51:07 UTC
LOGIN: alice id=1 time=2025-11-20 03:56:55 UTC
ADMIN_DELETE_ALL performed by admin id=1 time=2025-11-20T03:57:00Z time=2025-11-20 03:57:00 UTC
LOGIN: alice id=1 time=2025-11-20 03:59:43 UTC
LOGIN: alice id=1 time=2025-11-20 04:19:03 UTC
TASK_CREATE: user=1 task=1 title=cook time=2025-11-20 04:19:23 UTC
TASK_UPDATE: task=1 time=2025-11-20 04:19:32 UTC
REGISTER: gen_1763612393_0 id=13 time=2025-11-20T04:19:53Z time=2025-11-20 04:19:53 UTC
REGISTER: gen_1763612393_1 id=14 time=2025-11-20T04:19:53Z time=2025-11-20 04:19:53 UTC
REGISTER: gen_1763612393_2 id=15 time=2025-11-20T04:19:53Z time=2025-11-20 04:19:53 UTC
TASK_CREATE: user=13 task=2 title=sample task 0 for gen_1763612393_0 time=2025-11-20 04:19:53 UTC
TASK_CREATE: user=13 task=3 title=sample task 1 for gen_1763612393_0 time=2025-11-20 04:19:53 UTC
TASK_CREATE: user=13 task=4 title=sample task 2 for gen_1763612393_0 time=2025-11-20 04:19:53 UTC
TASK_CREATE: user=14 task=5 title=sample task 0 for gen_1763612393_1 time=2025-11-20 04:19:53 UTC
TASK_CREATE: user=14 task=6 title=sample task 1 for gen_1763612393_1 time=2025-11-20 04:19:53 UTC
TASK_CREATE: user=14 task=7 title=sample task 2 for gen_1763612393_1 time=2025-11-20 04:19:53 UTC
TASK_CREATE: user=15 task=8 title=sample task 0 for gen_1763612393_2 time=2025-11-20 04:19:53 UTC
TASK_CREATE: user=15 task=9 title=sample task 1 for gen_1763612393_2 time=2025-11-20 04:19:54 UTC
TASK_CREATE: user=15 task=10 title=sample task 2 for gen_1763612393_2 time=2025-11-20 04:19:54 UTC
ADMIN_DELETE_ALL invoked (unauthenticated) time=2025-11-20T04:20:05Z time=2025-11-20 04:20:05 UTC
ADMIN_DELETE_ALL invoked (unauthenticated) time=2025-11-20T04:25:45Z time=2025-11-20 04:25:45 UTC
LOGIN: alice id=1 time=2025-11-20 04:26:09 UTC
ADMIN_DELETE_ALL performed by admin id=1 time=2025-11-20T04:26:43Z time=2025-11-20 04:26:43 UTC
LOGIN: alice id=1 time=2025-11-20 04:29:08 UTC
LOGIN: alice id=1 time=2025-11-20 04:30:05 UTC
LOGIN: alice id=1 time=2025-11-20 04:33:38 UTC
ADMIN_DELETE_ALL performed by admin id=1 time=2025-11-20T04:33:43Z time=2025-11-20 04:33:43 UTC
LOGIN: alice id=1 time=2025-11-20 04:35:18 UTC
REGISTER: gen_1763613327_0 id=16 time=2025-11-20T04:35:27Z time=2025-11-20 04:35:27 UTC
REGISTER: gen_1763613327_1 id=17 time=2025-11-20T04:35:27Z time=2025-11-20 04:35:27 UTC
TASK_CREATE: user=16 task=1 title=sample task 0 for gen_1763613327_0 time=2025-11-20 04:35:27 UTC
TASK_CREATE: user=16 task=2 title=sample task 1 for gen_1763613327_0 time=2025-11-20 04:35:27 UTC
TASK_CREATE: user=16 task=3 title=sample task 2 for gen_1763613327_0 time=2025-11-20 04:35:27 UTC
TASK_CREATE: user=17 task=4 title=sample task 0 for gen_1763613327_1 time=2025-11-20 04:35:27 UTC
TASK_CREATE: user=17 task=5 title=sample task 1 for gen_1763613327_1 time=2025-11-20 04:35:27 UTC
TASK_CREATE: user=17 task=6 title=sample task 2 for gen_1763613327_1 time=2025-11-20 04:35:27 UTC
LOGIN: alice id=1 time=2025-11-20 04:39:28 UTC
LOGIN: alice id=1 time=2025-11-20 04:42:22 UTC
ADMIN_DELETE_ALL performed by admin id=1 time=2025-11-20T04:42:26Z time=2025-11-20 04:42:26 UTC
REGISTER: gen_1763614742_0 id=18 time=2025-11-20T04:59:02Z time=2025-11-20 04:59:02 UTC
REGISTER: gen_1763614742_1 id=19 time=2025-11-20T04:59:02Z time=2025-11-20 04:59:02 UTC
TASK_CREATE: user=18 task=1 title=sample task 0 for gen_1763614742_0 time=2025-11-20 04:59:02 UTC
TASK_CREATE: user=18 task=2 title=sample task 1 for gen_1763614742_0 time=2025-11-20 04:59:02 UTC
TASK_CREATE: user=19 task=3 title=sample task 0 for gen_1763614742_1 time=2025-11-20 04:59:03 UTC
TASK_CREATE: user=19 task=4 title=sample task 1 for gen_1763614742_1 time=2025-11-20 04:59:03 UTC
ADMIN_DELETE_ALL invoked (unauthenticated) time=2025-11-20T04:59:10Z time=2025-11-20 04:59:10 UTC
ADMIN_DELETE_ALL invoked (unauthenticated) time=2025-11-20T05:06:24Z time=2025-11-20 05:06:24 UTC
ADMIN_DELETE_ALL invoked (unauthenticated) time=2025-11-20T05:06:42Z time=2025-11-20 05:06:42 UTC
