
LOGIN: alice id=1 time=2025-11-19 17:56:29 UTC
REGISTER: gen_sampleuser_0 id=4 time=2025-11-19T17:57:01Z time=2025-11-19 17:57:01 UTC
REGISTER: gen_sampleuser_1 id=5 time=2025-11-19T17:57:01Z time=2025-11-19 17:57:01 UTC
REGISTER: gen_sampleuser_2 id=6 time=2025-11-19T17:57:01Z time=2025-11-19 17:57:01 UTC
REGISTER: gen_sampleuser_3 id=7 time=2025-11-19T17:57:02Z time=2025-11-19 17:57:02 UTC
REGISTER: gen_sampleuser_4 id=8 time=2025-11-19T17:57:02Z time=2025-11-19 17:57:02 UTC
TASK_CREATE: user=4 task=1 title=sample task 0 for gen_sampleuser_0 time=2025-11-19 17:57:02 UTC
TASK_CREATE: user=4 task=2 title=sample task 1 for gen_sampleuser_0 time=2025-11-19 17:57:02 UTC
TASK_CREATE: user=5 task=3 title=sample task 0 for gen_sampleuser_1 time=2025-11-19 17:57:02 UTC
TASK_CREATE: user=5 task=4 title=sample task 1 for gen_sampleuser_1 time=2025-11-19 17:57:02 UTC
TASK_CREATE: user=6 task=5 title=sample task 0 for gen_sampleuser_2 time=2025-11-19 17:57:02 UTC
TASK_CREATE: user=6 task=6 title=sample task 1 for gen_sampleuser_2 time=2025-11-19 17:57:02 UTC
TASK_CREATE: user=7 task=7 title=sample task 0 for gen_sampleuser_3 time=2025-11-19 17:57:02 UTC
TASK_CREATE: user=7 task=8 title=sample task 1 for gen_sampleuser_3 time=2025-11-19 17:57:02 UTC
TASK_CREATE: user=8 task=9 title=sample task 0 for gen_sampleuser_4 time=2025-11-19 17:57:02 UTC
TASK_CREATE: user=8 task=10 title=sample task 1 for gen_sampleuser_4 time=2025-11-19 17:57:02 UTC
REGISTER: gen_1763575137_0 id=4 time=2025-11-19T17:58:57Z time=2025-11-19 17:58:57 UTC
REGISTER: gen_1763575137_1 id=5 time=2025-11-19T17:58:58Z time=2025-11-19 17:58:58 UTC
REGISTER: gen_1763575138_2 id=6 time=2025-11-19T17:58:58Z time=2025-11-19 17:58:58 UTC
REGISTER: gen_1763575138_3 id=7 time=2025-11-19T17:58:58Z time=2025-11-19 17:58:58 UTC
REGISTER: gen_1763575138_4 id=8 time=2025-11-19T17:58:58Z time=2025-11-19 17:58:58 UTC
TASK_CREATE: user=4 task=11 title=sample task 0 for gen_1763575137_0 time=2025-11-19 17:58:58 UTC
TASK_CREATE: user=4 task=12 title=sample task 1 for gen_1763575137_0 time=2025-11-19 17:58:58 UTC
TASK_CREATE: user=5 task=13 title=sample task 0 for gen_1763575137_1 time=2025-11-19 17:58:58 UTC
TASK_CREATE: user=5 task=14 title=sample task 1 for gen_1763575137_1 time=2025-11-19 17:58:58 UTC
TASK_CREATE: user=6 task=15 title=sample task 0 for gen_1763575138_2 time=2025-11-19 17:58:58 UTC
TASK_CREATE: user=6 task=16 title=sample task 1 for gen_1763575138_2 time=2025-11-19 17:58:58 UTC
TASK_CREATE: user=7 task=17 title=sample task 0 for gen_1763575138_3 time=2025-11-19 17:58:58 UTC
TASK_CREATE: user=7 task=18 title=sample task 1 for gen_1763575138_3 time=2025-11-19 17:58:58 UTC
TASK_CREATE: user=8 task=19 title=sample task 0 for gen_1763575138_4 time=2025-11-19 17:58:58 UTC
TASK_CREATE: user=8 task=20 title=sample task 1 for gen_1763575138_4 time=2025-11-19 17:58:58 UTC
REGISTER: gen_1763575165_0 id=9 time=2025-11-19T17:59:25Z time=2025-11-19 17:59:25 UTC
REGISTER: gen_1763575165_1 id=10 time=2025-11-19T17:59:25Z time=2025-11-19 17:59:25 UTC
REGISTER: gen_1763575165_2 id=11 time=2025-11-19T17:59:25Z time=2025-11-19 17:59:25 UTC
TASK_CREATE: user=9 task=21 title=sample task 0 for gen_1763575165_0 time=2025-11-19 17:59:25 UTC
TASK_CREATE: user=10 task=22 title=sample task 0 for gen_1763575165_1 time=2025-11-19 17:59:25 UTC
TASK_CREATE: user=11 task=23 title=sample task 0 for gen_1763575165_2 time=2025-11-19 17:59:25 UTC
REGISTER: tim id=12 time=2025-11-20T02:58:36Z time=2025-11-20 02:58:36 UTC
LOGIN: alice id=1 time=2025-11-20 03:03:18 UTC
LOGIN: alice id=1 time=2025-11-20 03:49:47 UTC
ADMIN_DELETE_ALL performed by admin id=1 time=2025-11-20T03:50:29Z time=2025-11-20 03:50:29 UTC
LOGIN: alice id=1 time=2025-11-20 03:50:54 UTC
ADMIN_DELETE_ALL performed by admin id=1 time=2025-11-20T03:51:07Z time=2025-11-20 03:51:07 UTC
LOGIN: alice id=1 time=2025-11-20 03:56:55 UTC
ADMIN_DELETE_ALL performed by admin id=1 time=2025-11-20T03:57:00Z time=2025-11-20 03:57:00 UTC
LOGIN: alice id=1 time=2025-11-20 03:59:43 UTC
LOGIN: alice id=1 time=2025-11-20 04:19:03 UTC
TASK_CREATE: user=1 task=1 title=cook time=2025-11-20 04:19:23 UTC
TASK_UPDATE: task=1 time=2025-11-20 04:19:32 UTC
REGISTER: gen_1763612393_0 id=13 time=2025-11-20T04:19:53Z time=2025-11-20 04:19:53 UTC
REGISTER: gen_1763612393_1 id=14 time=2025-11-20T04:19:53Z time=2025-11-20 04:19:53 UTC
REGISTER: gen_1763612393_2 id=15 time=2025-11-20T04:19:53Z time=2025-11-20 04:19:53 UTC
TASK_CREATE: user=13 task=2 title=sample task 0 for gen_1763612393_0 time=2025-11-20 04:19:53 UTC
TASK_CREATE: user=13 task=3 title=sample task 1 for gen_1763612393_0 time=2025-11-20 04:19:53 UTC
TASK_CREATE: user=13 task=4 title=sample task 2 for gen_1763612393_0 time=2025-11-20 04:19:53 UTC
TASK_CREATE: user=14 task=5 title=sample task 0 for gen_1763612393_1 time=2025-11-20 04:19:53 UTC
TASK_CREATE: user=14 task=6 title=sample task 1 for gen_1763612393_1 time=2025-11-20 04:19:53 UTC
TASK_CREATE: user=14 task=7 title=sample task 2 for gen_1763612393_1 time=2025-11-20 04:19:53 UTC
TASK_CREATE: user=15 task=8 title=sample task 0 for gen_1763612393_2 time=2025-11-20 04:19:53 UTC
TASK_CREATE: user=15 task=9 title=sample task 1 for gen_1763612393_2 time=2025-11-20 04:19:54 UTC
TASK_CREATE: user=15 task=10 title=sample task 2 for gen_1763612393_2 time=2025-11-20 04:19:54 UTC
ADMIN_DELETE_ALL invoked (unauthenticated) time=2025-11-20T04:20:05Z time=2025-11-20 04:20:05 UTC
ADMIN_DELETE_ALL invoked (unauthenticated) time=2025-11-20T04:25:45Z time=2025-11-20 04:25:45 UTC
LOGIN: alice id=1 time=2025-11-20 04:26:09 UTC
ADMIN_DELETE_ALL performed by admin id=1 time=2025-11-20T04:26:43Z time=2025-11-20 04:26:43 UTC
LOGIN: alice id=1 time=2025-11-20 04:29:08 UTC
LOGIN: alice id=1 time=2025-11-20 04:30:05 UTC
LOGIN: alice id=1 time=2025-11-20 04:33:38 UTC
ADMIN_DELETE_ALL performed by admin id=1 time=2025-11-20T04:33:43Z time=2025-11-20 04:33:43 UTC
LOGIN: alice id=1 time=2025-11-20 04:35:18 UTC
REGISTER: gen_1763613327_0 id=16 time=2025-11-20T04:35:27Z time=2025-11-20 04:35:27 UTC
REGISTER: gen_1763613327_1 id=17 time=2025-11-20T04:35:27Z time=2025-11-20 04:35:27 UTC
TASK_CREATE: user=16 task=1 title=sample task 0 for gen_1763613327_0 time=2025-11-20 04:35:27 UTC
TASK_CREATE: user=16 task=2 title=sample task 1 for gen_1763613327_0 time=2025-11-20 04:35:27 UTC
TASK_CREATE: user=16 task=3 title=sample task 2 for gen_1763613327_0 time=2025-11-20 04:35:27 UTC
TASK_CREATE: user=17 task=4 title=sample task 0 for gen_1763613327_1 time=2025-11-20 04:35:27 UTC
TASK_CREATE: user=17 task=5 title=sample task 1 for gen_1763613327_1 time=2025-11-20 04:35:27 UTC
TASK_CREATE: user=17 task=6 title=sample task 2 for gen_1763613327_1 time=2025-11-20 04:35:27 UTC
LOGIN: alice id=1 time=2025-11-20 04:39:28 UTC
LOGIN: alice id=1 time=2025-11-20 04:42:22 UTC
ADMIN_DELETE_ALL performed by admin id=1 time=2025-11-20T04:42:26Z time=2025-11-20 04:42:26 UTC
REGISTER: gen_1763614742_0 id=18 time=2025-11-20T04:59:02Z time=2025-11-20 04:59:02 UTC
REGISTER: gen_1763614742_1 id=19 time=2025-11-20T04:59:02Z time=2025-11-20 04:59:02 UTC
TASK_CREATE: user=18 task=1 title=sample task 0 for gen_1763614742_0 time=2025-11-20 04:59:02 UTC
TASK_CREATE: user=18 task=2 title=sample task 1 for gen_1763614742_0 time=2025-11-20 04:59:02 UTC
TASK_CREATE: user=19 task=3 title=sample task 0 for gen_1763614742_1 time=2025-11-20 04:59:03 UTC
TASK_CREATE: user=19 task=4 title=sample task 1 for gen_1763614742_1 time=2025-11-20 04:59:03 UTC
ADMIN_DELETE_ALL invoked (unauthenticated) time=2025-11-20T04:59:10Z time=2025-11-20 04:59:10 UTC
ADMIN_DELETE_ALL invoked (unauthenticated) time=2025-11-20T05:06:24Z time=2025-11-20 05:06:24 UTC
ADMIN_DELETE_ALL invoked (unauthenticated) time=2025-11-20T05:06:42Z time=2025-11-20 05:06:42 UTC
ADMIN_DELETE_ALL invoked (unauthenticated) time=2025-11-20T05:12:57Z time=2025-11-20 05:12:57 UTC
ADMIN_DELETE_ALL invoked (unauthenticated) time=2025-11-20T05:14:15Z time=2025-11-20 05:14:15 UTC
REGISTER: gen_1763615671_0 id=20 time=2025-11-20T05:14:31Z time=2025-11-20 05:14:31 UTC
REGISTER: gen_1763615671_1 id=21 time=2025-11-20T05:14:31Z time=2025-11-20 05:14:31 UTC
REGISTER: gen_1763615671_2 id=22 time=2025-11-20T05:14:31Z time=2025-11-20 05:14:31 UTC
REGISTER: gen_1763615671_3 id=23 time=2025-11-20T05:14:31Z time=2025-11-20 05:14:32 UTC
REGISTER: gen_1763615672_4 id=24 time=2025-11-20T05:14:32Z time=2025-11-20 05:14:32 UTC
REGISTER: gen_1763615672_5 id=25 time=2025-11-20T05:14:32Z time=2025-11-20 05:14:32 UTC
REGISTER: gen_1763615672_6 id=26 time=2025-11-20T05:14:32Z time=2025-11-20 05:14:32 UTC
REGISTER: gen_1763615672_7 id=27 time=2025-11-20T05:14:32Z time=2025-11-20 05:14:32 UTC
REGISTER: gen_1763615672_8 id=28 time=2025-11-20T05:14:32Z time=2025-11-20 05:14:32 UTC
REGISTER: gen_1763615672_9 id=29 time=2025-11-20T05:14:32Z time=2025-11-20 05:14:32 UTC
TASK_CREATE: user=20 task=1 title=sample task 0 for gen_1763615671_0 time=2025-11-20 05:14:32 UTC
TASK_CREATE: user=20 task=2 title=sample task 1 for gen_1763615671_0 time=2025-11-20 05:14:32 UTC
TASK_CREATE: user=20 task=3 title=sample task 2 for gen_1763615671_0 time=2025-11-20 05:14:32 UTC
TASK_CREATE: user=20 task=4 title=sample task 3 for gen_1763615671_0 time=2025-11-20 05:14:32 UTC
TASK_CREATE: user=20 task=5 title=sample task 4 for gen_1763615671_0 time=2025-11-20 05:14:32 UTC
TASK_CREATE: user=20 task=6 title=sample task 5 for gen_1763615671_0 time=2025-11-20 05:14:32 UTC
TASK_CREATE: user=20 task=7 title=sample task 6 for gen_1763615671_0 time=2025-11-20 05:14:32 UTC
TASK_CREATE: user=20 task=8 title=sample task 7 for gen_1763615671_0 time=2025-11-20 05:14:32 UTC
TASK_CREATE: user=20 task=9 title=sample task 8 for gen_1763615671_0 time=2025-11-20 05:14:32 UTC
TASK_CREATE: user=20 task=10 title=sample task 9 for gen_1763615671_0 time=2025-11-20 05:14:32 UTC
TASK_CREATE: user=21 task=11 title=sample task 0 for gen_1763615671_1 time=2025-11-20 05:14:33 UTC
TASK_CREATE: user=21 task=12 title=sample task 1 for gen_1763615671_1 time=2025-11-20 05:14:33 UTC
TASK_CREATE: user=21 task=13 title=sample task 2 for gen_1763615671_1 time=2025-11-20 05:14:33 UTC
TASK_CREATE: user=21 task=14 title=sample task 3 for gen_1763615671_1 time=2025-11-20 05:14:33 UTC
TASK_CREATE: user=21 task=15 title=sample task 4 for gen_1763615671_1 time=2025-11-20 05:14:33 UTC
TASK_CREATE: user=21 task=16 title=sample task 5 for gen_1763615671_1 time=2025-11-20 05:14:33 UTC
TASK_CREATE: user=21 task=17 title=sample task 6 for gen_1763615671_1 time=2025-11-20 05:14:33 UTC
TASK_CREATE: user=21 task=18 title=sample task 7 for gen_1763615671_1 time=2025-11-20 05:14:33 UTC
TASK_CREATE: user=21 task=19 title=sample task 8 for gen_1763615671_1 time=2025-11-20 05:14:33 UTC
TASK_CREATE: user=21 task=20 title=sample task 9 for gen_1763615671_1 time=2025-11-20 05:14:33 UTC
TASK_CREATE: user=22 task=21 title=sample task 0 for gen_1763615671_2 time=2025-11-20 05:14:33 UTC
TASK_CREATE: user=22 task=22 title=sample task 1 for gen_1763615671_2 time=2025-11-20 05:14:33 UTC
TASK_CREATE: user=22 task=23 title=sample task 2 for gen_1763615671_2 time=2025-11-20 05:14:33 UTC
TASK_CREATE: user=22 task=24 title=sample task 3 for gen_1763615671_2 time=2025-11-20 05:14:33 UTC
TASK_CREATE: user=22 task=25 title=sample task 4 for gen_1763615671_2 time=2025-11-20 05:14:33 UTC
TASK_CREATE: user=22 task=26 title=sample task 5 for gen_1763615671_2 time=2025-11-20 05:14:33 UTC
TASK_CREATE: user=22 task=27 title=sample task 6 for gen_1763615671_2 time=2025-11-20 05:14:33 UTC
TASK_CREATE: user=22 task=28 title=sample task 7 for gen_1763615671_2 time=2025-11-20 05:14:33 UTC
TASK_CREATE: user=22 task=29 title=sample task 8 for gen_1763615671_2 time=2025-11-20 05:14:33 UTC
TASK_CREATE: user=22 task=30 title=sample task 9 for gen_1763615671_2 time=2025-11-20 05:14:33 UTC
TASK_CREATE: user=23 task=31 title=sample task 0 for gen_1763615671_3 time=2025-11-20 05:14:33 UTC
TASK_CREATE: user=23 task=32 title=sample task 1 for gen_1763615671_3 time=2025-11-20 05:14:33 UTC
TASK_CREATE: user=23 task=33 title=sample task 2 for gen_1763615671_3 time=2025-11-20 05:14:33 UTC
TASK_CREATE: user=23 task=34 title=sample task 3 for gen_1763615671_3 time=2025-11-20 05:14:33 UTC
TASK_CREATE: user=23 task=35 title=sample task 4 for gen_1763615671_3 time=2025-11-20 05:14:33 UTC
TASK_CREATE: user=23 task=36 title=sample task 5 for gen_1763615671_3 time=2025-11-20 05:14:33 UTC
TASK_CREATE: user=23 task=37 title=sample task 6 for gen_1763615671_3 time=2025-11-20 05:14:33 UTC
TASK_CREATE: user=23 task=38 title=sample task 7 for gen_1763615671_3 time=2025-11-20 05:14:33 UTC
TASK_CREATE: user=23 task=39 title=sample task 8 for gen_1763615671_3 time=2025-11-20 05:14:33 UTC
TASK_CREATE: user=23 task=40 title=sample task 9 for gen_1763615671_3 time=2025-11-20 05:14:33 UTC
TASK_CREATE: user=24 task=41 title=sample task 0 for gen_1763615672_4 time=2025-11-20 05:14:33 UTC
TASK_CREATE: user=24 task=42 title=sample task 1 for gen_1763615672_4 time=2025-11-20 05:14:33 UTC
TASK_CREATE: user=24 task=43 title=sample task 2 for gen_1763615672_4 time=2025-11-20 05:14:33 UTC
TASK_CREATE: user=24 task=44 title=sample task 3 for gen_1763615672_4 time=2025-11-20 05:14:33 UTC
TASK_CREATE: user=24 task=45 title=sample task 4 for gen_1763615672_4 time=2025-11-20 05:14:33 UTC
TASK_CREATE: user=24 task=46 title=sample task 5 for gen_1763615672_4 time=2025-11-20 05:14:33 UTC
TASK_CREATE: user=24 task=47 title=sample task 6 for gen_1763615672_4 time=2025-11-20 05:14:33 UTC
TASK_CREATE: user=24 task=48 title=sample task 7 for gen_1763615672_4 time=2025-11-20 05:14:33 UTC
TASK_CREATE: user=24 task=49 title=sample task 8 for gen_1763615672_4 time=2025-11-20 05:14:33 UTC
TASK_CREATE: user=24 task=50 title=sample task 9 for gen_1763615672_4 time=2025-11-20 05:14:33 UTC
TASK_CREATE: user=25 task=51 title=sample task 0 for gen_1763615672_5 time=2025-11-20 05:14:33 UTC
TASK_CREATE: user=25 task=52 title=sample task 1 for gen_1763615672_5 time=2025-11-20 05:14:33 UTC
TASK_CREATE: user=25 task=53 title=sample task 2 for gen_1763615672_5 time=2025-11-20 05:14:33 UTC
TASK_CREATE: user=25 task=54 title=sample task 3 for gen_1763615672_5 time=2025-11-20 05:14:33 UTC
TASK_CREATE: user=25 task=55 title=sample task 4 for gen_1763615672_5 time=2025-11-20 05:14:33 UTC
TASK_CREATE: user=25 task=56 title=sample task 5 for gen_1763615672_5 time=2025-11-20 05:14:33 UTC
TASK_CREATE: user=25 task=57 title=sample task 6 for gen_1763615672_5 time=2025-11-20 05:14:33 UTC
TASK_CREATE: user=25 task=58 title=sample task 7 for gen_1763615672_5 time=2025-11-20 05:14:33 UTC
TASK_CREATE: user=25 task=59 title=sample task 8 for gen_1763615672_5 time=2025-11-20 05:14:34 UTC
TASK_CREATE: user=25 task=60 title=sample task 9 for gen_1763615672_5 time=2025-11-20 05:14:34 UTC
TASK_CREATE: user=26 task=61 title=sample task 0 for gen_1763615672_6 time=2025-11-20 05:14:34 UTC
TASK_CREATE: user=26 task=62 title=sample task 1 for gen_1763615672_6 time=2025-11-20 05:14:34 UTC
TASK_CREATE: user=26 task=63 title=sample task 2 for gen_1763615672_6 time=2025-11-20 05:14:34 UTC
TASK_CREATE: user=26 task=64 title=sample task 3 for gen_1763615672_6 time=2025-11-20 05:14:34 UTC
TASK_CREATE: user=26 task=65 title=sample task 4 for gen_1763615672_6 time=2025-11-20 05:14:34 UTC
TASK_CREATE: user=26 task=66 title=sample task 5 for gen_1763615672_6 time=2025-11-20 05:14:34 UTC
TASK_CREATE: user=26 task=67 title=sample task 6 for gen_1763615672_6 time=2025-11-20 05:14:34 UTC
TASK_CREATE: user=26 task=68 title=sample task 7 for gen_1763615672_6 time=2025-11-20 05:14:34 UTC
TASK_CREATE: user=26 task=69 title=sample task 8 for gen_1763615672_6 time=2025-11-20 05:14:34 UTC
TASK_CREATE: user=26 task=70 title=sample task 9 for gen_1763615672_6 time=2025-11-20 05:14:34 UTC
TASK_CREATE: user=27 task=71 title=sample task 0 for gen_1763615672_7 time=2025-11-20 05:14:34 UTC
TASK_CREATE: user=27 task=72 title=sample task 1 for gen_1763615672_7 time=2025-11-20 05:14:34 UTC
TASK_CREATE: user=27 task=73 title=sample task 2 for gen_1763615672_7 time=2025-11-20 05:14:34 UTC
TASK_CREATE: user=27 task=74 title=sample task 3 for gen_1763615672_7 time=2025-11-20 05:14:34 UTC
TASK_CREATE: user=27 task=75 title=sample task 4 for gen_1763615672_7 time=2025-11-20 05:14:34 UTC
TASK_CREATE: user=27 task=76 title=sample task 5 for gen_1763615672_7 time=2025-11-20 05:14:34 UTC
TASK_CREATE: user=27 task=77 title=sample task 6 for gen_1763615672_7 time=2025-11-20 05:14:34 UTC
TASK_CREATE: user=27 task=78 title=sample task 7 for gen_1763615672_7 time=2025-11-20 05:14:34 UTC
TASK_CREATE: user=27 task=79 title=sample task 8 for gen_1763615672_7 time=2025-11-20 05:14:34 UTC
TASK_CREATE: user=27 task=80 title=sample task 9 for gen_1763615672_7 time=2025-11-20 05:14:34 UTC
TASK_CREATE: user=28 task=81 title=sample task 0 for gen_1763615672_8 time=2025-11-20 05:14:34 UTC
TASK_CREATE: user=28 task=82 title=sample task 1 for gen_1763615672_8 time=2025-11-20 05:14:34 UTC
TASK_CREATE: user=28 task=83 title=sample task 2 for gen_1763615672_8 time=2025-11-20 05:14:34 UTC
TASK_CREATE: user=28 task=84 title=sample task 3 for gen_1763615672_8 time=2025-11-20 05:14:34 UTC
TASK_CREATE: user=28 task=85 title=sample task 4 for gen_1763615672_8 time=2025-11-20 05:14:34 UTC
TASK_CREATE: user=28 task=86 title=sample task 5 for gen_1763615672_8 time=2025-11-20 05:14:34 UTC
TASK_CREATE: user=28 task=87 title=sample task 6 for gen_1763615672_8 time=2025-11-20 05:14:34 UTC
TASK_CREATE: user=28 task=88 title=sample task 7 for gen_1763615672_8 time=2025-11-20 05:14:34 UTC
TASK_CREATE: user=28 task=89 title=sample task 8 for gen_1763615672_8 time=2025-11-20 05:14:34 UTC
TASK_CREATE: user=28 task=90 title=sample task 9 for gen_1763615672_8 time=2025-11-20 05:14:34 UTC
TASK_CREATE: user=29 task=91 title=sample task 0 for gen_1763615672_9 time=2025-11-20 05:14:34 UTC
TASK_CREATE: user=29 task=92 title=sample task 1 for gen_1763615672_9 time=2025-11-20 05:14:34 UTC
TASK_CREATE: user=29 task=93 title=sample task 2 for gen_1763615672_9 time=2025-11-20 05:14:34 UTC
TASK_CREATE: user=29 task=94 title=sample task 3 for gen_1763615672_9 time=2025-11-20 05:14:34 UTC
TASK_CREATE: user=29 task=95 title=sample task 4 for gen_1763615672_9 time=2025-11-20 05:14:34 UTC
TASK_CREATE: user=29 task=96 title=sample task 5 for gen_1763615672_9 time=2025-11-20 05:14:34 UTC
TASK_CREATE: user=29 task=97 title=sample task 6 for gen_1763615672_9 time=2025-11-20 05:14:34 UTC
TASK_CREATE: user=29 task=98 title=sample task 7 for gen_1763615672_9 time=2025-11-20 05:14:34 UTC
TASK_CREATE: user=29 task=99 title=sample task 8 for gen_1763615672_9 time=2025-11-20 05:14:34 UTC
TASK_CREATE: user=29 task=100 title=sample task 9 for gen_1763615672_9 time=2025-11-20 05:14:34 UTC
ADMIN_DELETE_ALL invoked (unauthenticated) time=2025-11-20T05:14:34Z time=2025-11-20 05:14:34 UTC
REGISTER: gen_1763615719_0 id=30 time=2025-11-20T05:15:19Z time=2025-11-20 05:15:19 UTC
REGISTER: gen_1763615719_1 id=31 time=2025-11-20T05:15:19Z time=2025-11-20 05:15:20 UTC
REGISTER: gen_1763615720_2 id=32 time=2025-11-20T05:15:20Z time=2025-11-20 05:15:20 UTC
REGISTER: gen_1763615720_3 id=33 time=2025-11-20T05:15:20Z time=2025-11-20 05:15:20 UTC
REGISTER: gen_1763615720_4 id=34 time=2025-11-20T05:15:20Z time=2025-11-20 05:15:20 UTC
REGISTER: gen_1763615720_5 id=35 time=2025-11-20T05:15:20Z time=2025-11-20 05:15:20 UTC
REGISTER: gen_1763615720_6 id=36 time=2025-11-20T05:15:20Z time=2025-11-20 05:15:20 UTC
REGISTER: gen_1763615720_7 id=37 time=2025-11-20T05:15:20Z time=2025-11-20 05:15:20 UTC
REGISTER: gen_1763615720_8 id=38 time=2025-11-20T05:15:20Z time=2025-11-20 05:15:20 UTC
REGISTER: gen_1763615720_9 id=39 time=2025-11-20T05:15:21Z time=2025-11-20 05:15:21 UTC
TASK_CREATE: user=30 task=1 title=sample task 0 for gen_1763615719_0 time=2025-11-20 05:15:21 UTC
TASK_CREATE: user=30 task=2 title=sample task 1 for gen_1763615719_0 time=2025-11-20 05:15:21 UTC
TASK_CREATE: user=30 task=3 title=sample task 2 for gen_1763615719_0 time=2025-11-20 05:15:21 UTC
TASK_CREATE: user=30 task=4 title=sample task 3 for gen_1763615719_0 time=2025-11-20 05:15:21 UTC
TASK_CREATE: user=30 task=5 title=sample task 4 for gen_1763615719_0 time=2025-11-20 05:15:21 UTC
TASK_CREATE: user=30 task=6 title=sample task 5 for gen_1763615719_0 time=2025-11-20 05:15:21 UTC
TASK_CREATE: user=30 task=7 title=sample task 6 for gen_1763615719_0 time=2025-11-20 05:15:21 UTC
TASK_CREATE: user=30 task=8 title=sample task 7 for gen_1763615719_0 time=2025-11-20 05:15:21 UTC
TASK_CREATE: user=30 task=9 title=sample task 8 for gen_1763615719_0 time=2025-11-20 05:15:21 UTC
TASK_CREATE: user=30 task=10 title=sample task 9 for gen_1763615719_0 time=2025-11-20 05:15:21 UTC
TASK_CREATE: user=31 task=11 title=sample task 0 for gen_1763615719_1 time=2025-11-20 05:15:21 UTC
TASK_CREATE: user=31 task=12 title=sample task 1 for gen_1763615719_1 time=2025-11-20 05:15:21 UTC
TASK_CREATE: user=31 task=13 title=sample task 2 for gen_1763615719_1 time=2025-11-20 05:15:21 UTC
TASK_CREATE: user=31 task=14 title=sample task 3 for gen_1763615719_1 time=2025-11-20 05:15:21 UTC
TASK_CREATE: user=31 task=15 title=sample task 4 for gen_1763615719_1 time=2025-11-20 05:15:21 UTC
TASK_CREATE: user=31 task=16 title=sample task 5 for gen_1763615719_1 time=2025-11-20 05:15:21 UTC
TASK_CREATE: user=31 task=17 title=sample task 6 for gen_1763615719_1 time=2025-11-20 05:15:21 UTC
TASK_CREATE: user=31 task=18 title=sample task 7 for gen_1763615719_1 time=2025-11-20 05:15:21 UTC
TASK_CREATE: user=31 task=19 title=sample task 8 for gen_1763615719_1 time=2025-11-20 05:15:21 UTC
TASK_CREATE: user=31 task=20 title=sample task 9 for gen_1763615719_1 time=2025-11-20 05:15:21 UTC
TASK_CREATE: user=32 task=21 title=sample task 0 for gen_1763615720_2 time=2025-11-20 05:15:21 UTC
TASK_CREATE: user=32 task=22 title=sample task 1 for gen_1763615720_2 time=2025-11-20 05:15:21 UTC
TASK_CREATE: user=32 task=23 title=sample task 2 for gen_1763615720_2 time=2025-11-20 05:15:21 UTC
TASK_CREATE: user=32 task=24 title=sample task 3 for gen_1763615720_2 time=2025-11-20 05:15:21 UTC
TASK_CREATE: user=32 task=25 title=sample task 4 for gen_1763615720_2 time=2025-11-20 05:15:21 UTC
TASK_CREATE: user=32 task=26 title=sample task 5 for gen_1763615720_2 time=2025-11-20 05:15:21 UTC
TASK_CREATE: user=32 task=27 title=sample task 6 for gen_1763615720_2 time=2025-11-20 05:15:21 UTC
TASK_CREATE: user=32 task=28 title=sample task 7 for gen_1763615720_2 time=2025-11-20 05:15:21 UTC
TASK_CREATE: user=32 task=29 title=sample task 8 for gen_1763615720_2 time=2025-11-20 05:15:21 UTC
TASK_CREATE: user=32 task=30 title=sample task 9 for gen_1763615720_2 time=2025-11-20 05:15:21 UTC
TASK_CREATE: user=33 task=31 title=sample task 0 for gen_1763615720_3 time=2025-11-20 05:15:21 UTC
TASK_CREATE: user=33 task=32 title=sample task 1 for gen_1763615720_3 time=2025-11-20 05:15:21 UTC
TASK_CREATE: user=33 task=33 title=sample task 2 for gen_1763615720_3 time=2025-11-20 05:15:21 UTC
TASK_CREATE: user=33 task=34 title=sample task 3 for gen_1763615720_3 time=2025-11-20 05:15:21 UTC
TASK_CREATE: user=33 task=35 title=sample task 4 for gen_1763615720_3 time=2025-11-20 05:15:21 UTC
TASK_CREATE: user=33 task=36 title=sample task 5 for gen_1763615720_3 time=2025-11-20 05:15:21 UTC
TASK_CREATE: user=33 task=37 title=sample task 6 for gen_1763615720_3 time=2025-11-20 05:15:21 UTC
TASK_CREATE: user=33 task=38 title=sample task 7 for gen_1763615720_3 time=2025-11-20 05:15:21 UTC
TASK_CREATE: user=33 task=39 title=sample task 8 for gen_1763615720_3 time=2025-11-20 05:15:21 UTC
TASK_CREATE: user=33 task=40 title=sample task 9 for gen_1763615720_3 time=2025-11-20 05:15:21 UTC
TASK_CREATE: user=34 task=41 title=sample task 0 for gen_1763615720_4 time=2025-11-20 05:15:21 UTC
TASK_CREATE: user=34 task=42 title=sample task 1 for gen_1763615720_4 time=2025-11-20 05:15:21 UTC
TASK_CREATE: user=34 task=43 title=sample task 2 for gen_1763615720_4 time=2025-11-20 05:15:21 UTC
TASK_CREATE: user=34 task=44 title=sample task 3 for gen_1763615720_4 time=2025-11-20 05:15:21 UTC
TASK_CREATE: user=34 task=45 title=sample task 4 for gen_1763615720_4 time=2025-11-20 05:15:21 UTC
TASK_CREATE: user=34 task=46 title=sample task 5 for gen_1763615720_4 time=2025-11-20 05:15:22 UTC
TASK_CREATE: user=34 task=47 title=sample task 6 for gen_1763615720_4 time=2025-11-20 05:15:22 UTC
TASK_CREATE: user=34 task=48 title=sample task 7 for gen_1763615720_4 time=2025-11-20 05:15:22 UTC
TASK_CREATE: user=34 task=49 title=sample task 8 for gen_1763615720_4 time=2025-11-20 05:15:22 UTC
TASK_CREATE: user=34 task=50 title=sample task 9 for gen_1763615720_4 time=2025-11-20 05:15:22 UTC
TASK_CREATE: user=35 task=51 title=sample task 0 for gen_1763615720_5 time=2025-11-20 05:15:22 UTC
TASK_CREATE: user=35 task=52 title=sample task 1 for gen_1763615720_5 time=2025-11-20 05:15:22 UTC
TASK_CREATE: user=35 task=53 title=sample task 2 for gen_1763615720_5 time=2025-11-20 05:15:22 UTC
TASK_CREATE: user=35 task=54 title=sample task 3 for gen_1763615720_5 time=2025-11-20 05:15:22 UTC
TASK_CREATE: user=35 task=55 title=sample task 4 for gen_1763615720_5 time=2025-11-20 05:15:22 UTC
TASK_CREATE: user=35 task=56 title=sample task 5 for gen_1763615720_5 time=2025-11-20 05:15:22 UTC
TASK_CREATE: user=35 task=57 title=sample task 6 for gen_1763615720_5 time=2025-11-20 05:15:22 UTC
TASK_CREATE: user=35 task=58 title=sample task 7 for gen_1763615720_5 time=2025-11-20 05:15:22 UTC
TASK_CREATE: user=35 task=59 title=sample task 8 for gen_1763615720_5 time=2025-11-20 05:15:22 UTC
TASK_CREATE: user=35 task=60 title=sample task 9 for gen_1763615720_5 time=2025-11-20 05:15:22 UTC
TASK_CREATE: user=36 task=61 title=sample task 0 for gen_1763615720_6 time=2025-11-20 05:15:22 UTC
TASK_CREATE: user=36 task=62 title=sample task 1 for gen_1763615720_6 time=2025-11-20 05:15:22 UTC
TASK_CREATE: user=36 task=63 title=sample task 2 for gen_1763615720_6 time=2025-11-20 05:15:22 UTC
TASK_CREATE: user=36 task=64 title=sample task 3 for gen_1763615720_6 time=2025-11-20 05:15:22 UTC
TASK_CREATE: user=36 task=65 title=sample task 4 for gen_1763615720_6 time=2025-11-20 05:15:22 UTC
TASK_CREATE: user=36 task=66 title=sample task 5 for gen_1763615720_6 time=2025-11-20 05:15:22 UTC
TASK_CREATE: user=36 task=67 title=sample task 6 for gen_1763615720_6 time=2025-11-20 05:15:22 UTC
TASK_CREATE: user=36 task=68 title=sample task 7 for gen_1763615720_6 time=2025-11-20 05:15:22 UTC
TASK_CREATE: user=36 task=69 title=sample task 8 for gen_1763615720_6 time=2025-11-20 05:15:22 UTC
TASK_CREATE: user=36 task=70 title=sample task 9 for gen_1763615720_6 time=2025-11-20 05:15:22 UTC
TASK_CREATE: user=37 task=71 title=sample task 0 for gen_1763615720_7 time=2025-11-20 05:15:22 UTC
TASK_CREATE: user=37 task=72 title=sample task 1 for gen_1763615720_7 time=2025-11-20 05:15:22 UTC
TASK_CREATE: user=37 task=73 title=sample task 2 for gen_1763615720_7 time=2025-11-20 05:15:22 UTC
TASK_CREATE: user=37 task=74 title=sample task 3 for gen_1763615720_7 time=2025-11-20 05:15:22 UTC
TASK_CREATE: user=37 task=75 title=sample task 4 for gen_1763615720_7 time=2025-11-20 05:15:22 UTC
TASK_CREATE: user=37 task=76 title=sample task 5 for gen_1763615720_7 time=2025-11-20 05:15:22 UTC
TASK_CREATE: user=37 task=77 title=sample task 6 for gen_1763615720_7 time=2025-11-20 05:15:22 UTC
TASK_CREATE: user=37 task=78 title=sample task 7 for gen_1763615720_7 time=2025-11-20 05:15:22 UTC
TASK_CREATE: user=37 task=79 title=sample task 8 for gen_1763615720_7 time=2025-11-20 05:15:22 UTC
TASK_CREATE: user=37 task=80 title=sample task 9 for gen_1763615720_7 time=2025-11-20 05:15:22 UTC
TASK_CREATE: user=38 task=81 title=sample task 0 for gen_1763615720_8 time=2025-11-20 05:15:22 UTC
TASK_CREATE: user=38 task=82 title=sample task 1 for gen_1763615720_8 time=2025-11-20 05:15:22 UTC
TASK_CREATE: user=38 task=83 title=sample task 2 for gen_1763615720_8 time=2025-11-20 05:15:22 UTC
TASK_CREATE: user=38 task=84 title=sample task 3 for gen_1763615720_8 time=2025-11-20 05:15:22 UTC
TASK_CREATE: user=38 task=85 title=sample task 4 for gen_1763615720_8 time=2025-11-20 05:15:22 UTC
TASK_CREATE: user=38 task=86 title=sample task 5 for gen_1763615720_8 time=2025-11-20 05:15:22 UTC
TASK_CREATE: user=38 task=87 title=sample task 6 for gen_1763615720_8 time=2025-11-20 05:15:23 UTC
TASK_CREATE: user=38 task=88 title=sample task 7 for gen_1763615720_8 time=2025-11-20 05:15:23 UTC
TASK_CREATE: user=38 task=89 title=sample task 8 for gen_1763615720_8 time=2025-11-20 05:15:23 UTC
TASK_CREATE: user=38 task=90 title=sample task 9 for gen_1763615720_8 time=2025-11-20 05:15:23 UTC
TASK_CREATE: user=39 task=91 title=sample task 0 for gen_1763615720_9 time=2025-11-20 05:15:23 UTC
TASK_CREATE: user=39 task=92 title=sample task 1 for gen_1763615720_9 time=2025-11-20 05:15:23 UTC
TASK_CREATE: user=39 task=93 title=sample task 2 for gen_1763615720_9 time=2025-11-20 05:15:23 UTC
TASK_CREATE: user=39 task=94 title=sample task 3 for gen_1763615720_9 time=2025-11-20 05:15:23 UTC
TASK_CREATE: user=39 task=95 title=sample task 4 for gen_1763615720_9 time=2025-11-20 05:15:23 UTC
TASK_CREATE: user=39 task=96 title=sample task 5 for gen_1763615720_9 time=2025-11-20 05:15:23 UTC
TASK_CREATE: user=39 task=97 title=sample task 6 for gen_1763615720_9 time=2025-11-20 05:15:23 UTC
TASK_CREATE: user=39 task=98 title=sample task 7 for gen_1763615720_9 time=2025-11-20 05:15:23 UTC
TASK_CREATE: user=39 task=99 title=sample task 8 for gen_1763615720_9 time=2025-11-20 05:15:23 UTC
TASK_CREATE: user=39 task=100 title=sample task 9 for gen_1763615720_9 time=2025-11-20 05:15:23 UTC
ADMIN_DELETE_ALL invoked (unauthenticated) time=2025-11-20T05:15:23Z time=2025-11-20 05:15:23 UTC
REGISTER: gen_1763615818_0 id=40 time=2025-11-20T05:16:58Z time=2025-11-20 05:16:58 UTC
REGISTER: gen_1763615818_1 id=41 time=2025-11-20T05:16:58Z time=2025-11-20 05:16:58 UTC
REGISTER: gen_1763615818_2 id=42 time=2025-11-20T05:16:58Z time=2025-11-20 05:16:58 UTC
REGISTER: gen_1763615818_3 id=43 time=2025-11-20T05:16:58Z time=2025-11-20 05:16:58 UTC
REGISTER: gen_1763615818_4 id=44 time=2025-11-20T05:16:58Z time=2025-11-20 05:16:58 UTC
TASK_CREATE: user=40 task=1 title=sample task 0 for gen_1763615818_0 time=2025-11-20 05:16:58 UTC
TASK_CREATE: user=40 task=2 title=sample task 1 for gen_1763615818_0 time=2025-11-20 05:16:58 UTC
TASK_CREATE: user=40 task=3 title=sample task 2 for gen_1763615818_0 time=2025-11-20 05:16:58 UTC
TASK_CREATE: user=41 task=4 title=sample task 0 for gen_1763615818_1 time=2025-11-20 05:16:58 UTC
TASK_CREATE: user=41 task=5 title=sample task 1 for gen_1763615818_1 time=2025-11-20 05:16:58 UTC
TASK_CREATE: user=41 task=6 title=sample task 2 for gen_1763615818_1 time=2025-11-20 05:16:58 UTC
TASK_CREATE: user=42 task=7 title=sample task 0 for gen_1763615818_2 time=2025-11-20 05:16:58 UTC
TASK_CREATE: user=42 task=8 title=sample task 1 for gen_1763615818_2 time=2025-11-20 05:16:58 UTC
TASK_CREATE: user=42 task=9 title=sample task 2 for gen_1763615818_2 time=2025-11-20 05:16:58 UTC
TASK_CREATE: user=43 task=10 title=sample task 0 for gen_1763615818_3 time=2025-11-20 05:16:59 UTC
TASK_CREATE: user=43 task=11 title=sample task 1 for gen_1763615818_3 time=2025-11-20 05:16:59 UTC
TASK_CREATE: user=43 task=12 title=sample task 2 for gen_1763615818_3 time=2025-11-20 05:16:59 UTC
TASK_CREATE: user=44 task=13 title=sample task 0 for gen_1763615818_4 time=2025-11-20 05:16:59 UTC
TASK_CREATE: user=44 task=14 title=sample task 1 for gen_1763615818_4 time=2025-11-20 05:16:59 UTC
TASK_CREATE: user=44 task=15 title=sample task 2 for gen_1763615818_4 time=2025-11-20 05:16:59 UTC
ADMIN_DELETE_ALL invoked (unauthenticated) time=2025-11-20T05:16:59Z time=2025-11-20 05:16:59 UTC
REGISTER: gen_1763699884_0 id=45 time=2025-11-21T04:38:04Z time=2025-11-21 04:38:05 UTC
REGISTER: gen_1763699885_1 id=46 time=2025-11-21T04:38:05Z time=2025-11-21 04:38:05 UTC
REGISTER: gen_1763699885_2 id=47 time=2025-11-21T04:38:05Z time=2025-11-21 04:38:05 UTC
REGISTER: gen_1763699885_3 id=48 time=2025-11-21T04:38:05Z time=2025-11-21 04:38:05 UTC
REGISTER: gen_1763699885_4 id=49 time=2025-11-21T04:38:05Z time=2025-11-21 04:38:05 UTC
TASK_CREATE: user=45 task=1 title=sample task 0 for gen_1763699884_0 time=2025-11-21 04:38:05 UTC
TASK_CREATE: user=45 task=2 title=sample task 1 for gen_1763699884_0 time=2025-11-21 04:38:05 UTC
TASK_CREATE: user=45 task=3 title=sample task 2 for gen_1763699884_0 time=2025-11-21 04:38:05 UTC
TASK_CREATE: user=46 task=4 title=sample task 0 for gen_1763699885_1 time=2025-11-21 04:38:05 UTC
TASK_CREATE: user=46 task=5 title=sample task 1 for gen_1763699885_1 time=2025-11-21 04:38:05 UTC
TASK_CREATE: user=46 task=6 title=sample task 2 for gen_1763699885_1 time=2025-11-21 04:38:05 UTC
TASK_CREATE: user=47 task=7 title=sample task 0 for gen_1763699885_2 time=2025-11-21 04:38:05 UTC
TASK_CREATE: user=47 task=8 title=sample task 1 for gen_1763699885_2 time=2025-11-21 04:38:05 UTC
TASK_CREATE: user=47 task=9 title=sample task 2 for gen_1763699885_2 time=2025-11-21 04:38:05 UTC
TASK_CREATE: user=48 task=10 title=sample task 0 for gen_1763699885_3 time=2025-11-21 04:38:05 UTC
TASK_CREATE: user=48 task=11 title=sample task 1 for gen_1763699885_3 time=2025-11-21 04:38:05 UTC
TASK_CREATE: user=48 task=12 title=sample task 2 for gen_1763699885_3 time=2025-11-21 04:38:05 UTC
TASK_CREATE: user=49 task=13 title=sample task 0 for gen_1763699885_4 time=2025-11-21 04:38:05 UTC
TASK_CREATE: user=49 task=14 title=sample task 1 for gen_1763699885_4 time=2025-11-21 04:38:05 UTC
TASK_CREATE: user=49 task=15 title=sample task 2 for gen_1763699885_4 time=2025-11-21 04:38:06 UTC
LOGIN: alice id=1 time=2025-11-21 04:46:24 UTC
LOGIN: alice id=1 time=2025-11-21 04:46:51 UTC
LOGIN: alice id=1 time=2025-11-21 04:48:14 UTC
LOGIN: alice id=1 time=2025-11-21 18:54:46 UTC
ADMIN_DELETE_ALL performed by admin id=1 time=2025-11-21T18:55:04Z time=2025-11-21 18:55:04 UTC
LOGIN: alice id=1 time=2025-11-21 18:56:17 UTC
LOGIN: bob id=2 time=2025-11-22 01:28:10 UTC
LOGIN: alice id=1 time=2025-11-22 01:28:24 UTC
LOGIN: alice id=1 time=2025-11-22 01:34:55 UTC
LOGIN: alice id=1 time=2025-11-22 01:35:08 UTC
ADMIN_DELETE_ALL performed by admin id=1 time=2025-11-22T01:35:10Z time=2025-11-22 01:35:10 UTC
LOGIN: bob id=2 time=2025-11-22 01:35:20 UTC
LOGIN: alice id=1 time=2025-11-22 01:37:47 UTC
LOGIN: alice id=1 time=2025-11-22 01:43:32 UTC
LOGIN: alice id=1 time=2025-11-22 01:46:40 UTC
LOGIN: bob id=2 time=2025-11-22 01:46:52 UTC
LOGIN: alice id=1 time=2025-11-22 01:48:29 UTC
REGISTER: tim id=4 time=2025-11-22T01:48:46Z time=2025-11-22 01:48:46 UTC
ADMIN_DELETE_ALL invoked (unauthenticated) time=2025-11-22T01:48:54Z time=2025-11-22 01:48:54 UTC
LOGIN: alice id=1 time=2025-11-22 01:49:17 UTC
REGISTER: gen_1763776172_0 id=5 time=2025-11-22T01:49:32Z time=2025-11-22 01:49:32 UTC
REGISTER: gen_1763776172_1 id=6 time=2025-11-22T01:49:32Z time=2025-11-22 01:49:32 UTC
TASK_CREATE: user=5 task=1 title=sample task 0 for gen_1763776172_0 time=2025-11-22 01:49:32 UTC
TASK_CREATE: user=5 task=2 title=sample task 1 for gen_1763776172_0 time=2025-11-22 01:49:32 UTC
TASK_CREATE: user=5 task=3 title=sample task 2 for gen_1763776172_0 time=2025-11-22 01:49:32 UTC
TASK_CREATE: user=5 task=4 title=sample task 3 for gen_1763776172_0 time=2025-11-22 01:49:32 UTC
TASK_CREATE: user=5 task=5 title=sample task 4 for gen_1763776172_0 time=2025-11-22 01:49:32 UTC
TASK_CREATE: user=6 task=6 title=sample task 0 for gen_1763776172_1 time=2025-11-22 01:49:32 UTC
TASK_CREATE: user=6 task=7 title=sample task 1 for gen_1763776172_1 time=2025-11-22 01:49:32 UTC
TASK_CREATE: user=6 task=8 title=sample task 2 for gen_1763776172_1 time=2025-11-22 01:49:32 UTC
TASK_CREATE: user=6 task=9 title=sample task 3 for gen_1763776172_1 time=2025-11-22 01:49:32 UTC
TASK_CREATE: user=6 task=10 title=sample task 4 for gen_1763776172_1 time=2025-11-22 01:49:33 UTC
ADMIN_DELETE_ALL invoked (unauthenticated) time=2025-11-22T01:49:49Z time=2025-11-22 01:49:49 UTC
REGISTER: gen_1763776251_0 id=7 time=2025-11-22T01:50:51Z time=2025-11-22 01:50:51 UTC
REGISTER: gen_1763776251_1 id=8 time=2025-11-22T01:50:51Z time=2025-11-22 01:50:51 UTC
REGISTER: gen_1763776251_2 id=9 time=2025-11-22T01:50:51Z time=2025-11-22 01:50:51 UTC
REGISTER: gen_1763776251_3 id=10 time=2025-11-22T01:50:51Z time=2025-11-22 01:50:51 UTC
REGISTER: gen_1763776251_4 id=11 time=2025-11-22T01:50:51Z time=2025-11-22 01:50:52 UTC
TASK_CREATE: user=7 task=1 title=sample task 0 for gen_1763776251_0 time=2025-11-22 01:50:52 UTC
TASK_CREATE: user=7 task=2 title=sample task 1 for gen_1763776251_0 time=2025-11-22 01:50:52 UTC
TASK_CREATE: user=7 task=3 title=sample task 2 for gen_1763776251_0 time=2025-11-22 01:50:52 UTC
TASK_CREATE: user=8 task=4 title=sample task 0 for gen_1763776251_1 time=2025-11-22 01:50:52 UTC
TASK_CREATE: user=8 task=5 title=sample task 1 for gen_1763776251_1 time=2025-11-22 01:50:52 UTC
TASK_CREATE: user=8 task=6 title=sample task 2 for gen_1763776251_1 time=2025-11-22 01:50:52 UTC
TASK_CREATE: user=9 task=7 title=sample task 0 for gen_1763776251_2 time=2025-11-22 01:50:52 UTC
TASK_CREATE: user=9 task=8 title=sample task 1 for gen_1763776251_2 time=2025-11-22 01:50:52 UTC
TASK_CREATE: user=9 task=9 title=sample task 2 for gen_1763776251_2 time=2025-11-22 01:50:52 UTC
TASK_CREATE: user=10 task=10 title=sample task 0 for gen_1763776251_3 time=2025-11-22 01:50:52 UTC
TASK_CREATE: user=10 task=11 title=sample task 1 for gen_1763776251_3 time=2025-11-22 01:50:52 UTC
TASK_CREATE: user=10 task=12 title=sample task 2 for gen_1763776251_3 time=2025-11-22 01:50:52 UTC
TASK_CREATE: user=11 task=13 title=sample task 0 for gen_1763776251_4 time=2025-11-22 01:50:52 UTC
TASK_CREATE: user=11 task=14 title=sample task 1 for gen_1763776251_4 time=2025-11-22 01:50:52 UTC
TASK_CREATE: user=11 task=15 title=sample task 2 for gen_1763776251_4 time=2025-11-22 01:50:52 UTC
ADMIN_DELETE_ALL invoked (unauthenticated) time=2025-11-22T01:50:52Z time=2025-11-22 01:50:52 UTC
REGISTER: gen_1763776261_0 id=12 time=2025-11-22T01:51:01Z time=2025-11-22 01:51:01 UTC
REGISTER: gen_1763776261_1 id=13 time=2025-11-22T01:51:01Z time=2025-11-22 01:51:01 UTC
REGISTER: gen_1763776261_2 id=14 time=2025-11-22T01:51:01Z time=2025-11-22 01:51:01 UTC
REGISTER: gen_1763776261_3 id=15 time=2025-11-22T01:51:01Z time=2025-11-22 01:51:02 UTC
REGISTER: gen_1763776262_4 id=16 time=2025-11-22T01:51:02Z time=2025-11-22 01:51:02 UTC
TASK_CREATE: user=12 task=1 title=sample task 0 for gen_1763776261_0 time=2025-11-22 01:51:02 UTC
TASK_CREATE: user=12 task=2 title=sample task 1 for gen_1763776261_0 time=2025-11-22 01:51:02 UTC
TASK_CREATE: user=12 task=3 title=sample task 2 for gen_1763776261_0 time=2025-11-22 01:51:02 UTC
TASK_CREATE: user=13 task=4 title=sample task 0 for gen_1763776261_1 time=2025-11-22 01:51:02 UTC
TASK_CREATE: user=13 task=5 title=sample task 1 for gen_1763776261_1 time=2025-11-22 01:51:02 UTC
TASK_CREATE: user=13 task=6 title=sample task 2 for gen_1763776261_1 time=2025-11-22 01:51:02 UTC
TASK_CREATE: user=14 task=7 title=sample task 0 for gen_1763776261_2 time=2025-11-22 01:51:02 UTC
TASK_CREATE: user=14 task=8 title=sample task 1 for gen_1763776261_2 time=2025-11-22 01:51:02 UTC
TASK_CREATE: user=14 task=9 title=sample task 2 for gen_1763776261_2 time=2025-11-22 01:51:02 UTC
TASK_CREATE: user=15 task=10 title=sample task 0 for gen_1763776261_3 time=2025-11-22 01:51:02 UTC
TASK_CREATE: user=15 task=11 title=sample task 1 for gen_1763776261_3 time=2025-11-22 01:51:02 UTC
TASK_CREATE: user=15 task=12 title=sample task 2 for gen_1763776261_3 time=2025-11-22 01:51:02 UTC
TASK_CREATE: user=16 task=13 title=sample task 0 for gen_1763776262_4 time=2025-11-22 01:51:02 UTC
TASK_CREATE: user=16 task=14 title=sample task 1 for gen_1763776262_4 time=2025-11-22 01:51:02 UTC
TASK_CREATE: user=16 task=15 title=sample task 2 for gen_1763776262_4 time=2025-11-22 01:51:02 UTC
LOGIN: alice id=1 time=2025-11-22 01:51:37 UTC
REGISTER: gen_1763776311_0 id=17 time=2025-11-22T01:51:51Z time=2025-11-22 01:51:51 UTC
REGISTER: gen_1763776311_1 id=18 time=2025-11-22T01:51:51Z time=2025-11-22 01:51:51 UTC
REGISTER: gen_1763776311_2 id=19 time=2025-11-22T01:51:51Z time=2025-11-22 01:51:51 UTC
REGISTER: gen_1763776311_3 id=20 time=2025-11-22T01:51:51Z time=2025-11-22 01:51:51 UTC
REGISTER: gen_1763776311_4 id=21 time=2025-11-22T01:51:51Z time=2025-11-22 01:51:52 UTC
TASK_CREATE: user=17 task=16 title=sample task 0 for gen_1763776311_0 time=2025-11-22 01:51:52 UTC
TASK_CREATE: user=17 task=17 title=sample task 1 for gen_1763776311_0 time=2025-11-22 01:51:52 UTC
TASK_CREATE: user=17 task=18 title=sample task 2 for gen_1763776311_0 time=2025-11-22 01:51:52 UTC
TASK_CREATE: user=17 task=19 title=sample task 3 for gen_1763776311_0 time=2025-11-22 01:51:52 UTC
TASK_CREATE: user=17 task=20 title=sample task 4 for gen_1763776311_0 time=2025-11-22 01:51:52 UTC
TASK_CREATE: user=17 task=21 title=sample task 5 for gen_1763776311_0 time=2025-11-22 01:51:52 UTC
TASK_CREATE: user=17 task=22 title=sample task 6 for gen_1763776311_0 time=2025-11-22 01:51:52 UTC
TASK_CREATE: user=18 task=23 title=sample task 0 for gen_1763776311_1 time=2025-11-22 01:51:52 UTC
TASK_CREATE: user=18 task=24 title=sample task 1 for gen_1763776311_1 time=2025-11-22 01:51:52 UTC
TASK_CREATE: user=18 task=25 title=sample task 2 for gen_1763776311_1 time=2025-11-22 01:51:52 UTC
TASK_CREATE: user=18 task=26 title=sample task 3 for gen_1763776311_1 time=2025-11-22 01:51:52 UTC
TASK_CREATE: user=18 task=27 title=sample task 4 for gen_1763776311_1 time=2025-11-22 01:51:52 UTC
TASK_CREATE: user=18 task=28 title=sample task 5 for gen_1763776311_1 time=2025-11-22 01:51:52 UTC
TASK_CREATE: user=18 task=29 title=sample task 6 for gen_1763776311_1 time=2025-11-22 01:51:52 UTC
TASK_CREATE: user=19 task=30 title=sample task 0 for gen_1763776311_2 time=2025-11-22 01:51:52 UTC
TASK_CREATE: user=19 task=31 title=sample task 1 for gen_1763776311_2 time=2025-11-22 01:51:52 UTC
TASK_CREATE: user=19 task=32 title=sample task 2 for gen_1763776311_2 time=2025-11-22 01:51:52 UTC
TASK_CREATE: user=19 task=33 title=sample task 3 for gen_1763776311_2 time=2025-11-22 01:51:52 UTC
TASK_CREATE: user=19 task=34 title=sample task 4 for gen_1763776311_2 time=2025-11-22 01:51:52 UTC
TASK_CREATE: user=19 task=35 title=sample task 5 for gen_1763776311_2 time=2025-11-22 01:51:52 UTC
TASK_CREATE: user=19 task=36 title=sample task 6 for gen_1763776311_2 time=2025-11-22 01:51:52 UTC
TASK_CREATE: user=20 task=37 title=sample task 0 for gen_1763776311_3 time=2025-11-22 01:51:52 UTC
TASK_CREATE: user=20 task=38 title=sample task 1 for gen_1763776311_3 time=2025-11-22 01:51:52 UTC
TASK_CREATE: user=20 task=39 title=sample task 2 for gen_1763776311_3 time=2025-11-22 01:51:52 UTC
TASK_CREATE: user=20 task=40 title=sample task 3 for gen_1763776311_3 time=2025-11-22 01:51:52 UTC
TASK_CREATE: user=20 task=41 title=sample task 4 for gen_1763776311_3 time=2025-11-22 01:51:52 UTC
TASK_CREATE: user=20 task=42 title=sample task 5 for gen_1763776311_3 time=2025-11-22 01:51:52 UTC
TASK_CREATE: user=20 task=43 title=sample task 6 for gen_1763776311_3 time=2025-11-22 01:51:52 UTC
TASK_CREATE: user=21 task=44 title=sample task 0 for gen_1763776311_4 time=2025-11-22 01:51:52 UTC
TASK_CREATE: user=21 task=45 title=sample task 1 for gen_1763776311_4 time=2025-11-22 01:51:52 UTC
TASK_CREATE: user=21 task=46 title=sample task 2 for gen_1763776311_4 time=2025-11-22 01:51:52 UTC
TASK_CREATE: user=21 task=47 title=sample task 3 for gen_1763776311_4 time=2025-11-22 01:51:52 UTC
TASK_CREATE: user=21 task=48 title=sample task 4 for gen_1763776311_4 time=2025-11-22 01:51:52 UTC
TASK_CREATE: user=21 task=49 title=sample task 5 for gen_1763776311_4 time=2025-11-22 01:51:52 UTC
TASK_CREATE: user=21 task=50 title=sample task 6 for gen_1763776311_4 time=2025-11-22 01:51:52 UTC
REGISTER: gen_1763776324_0 id=22 time=2025-11-22T01:52:04Z time=2025-11-22 01:52:04 UTC
REGISTER: gen_1763776324_1 id=23 time=2025-11-22T01:52:04Z time=2025-11-22 01:52:04 UTC
REGISTER: gen_1763776324_2 id=24 time=2025-11-22T01:52:04Z time=2025-11-22 01:52:04 UTC
REGISTER: gen_1763776324_3 id=25 time=2025-11-22T01:52:05Z time=2025-11-22 01:52:05 UTC
REGISTER: gen_1763776325_4 id=26 time=2025-11-22T01:52:05Z time=2025-11-22 01:52:05 UTC
TASK_CREATE: user=22 task=51 title=sample task 0 for gen_1763776324_0 time=2025-11-22 01:52:05 UTC
TASK_CREATE: user=22 task=52 title=sample task 1 for gen_1763776324_0 time=2025-11-22 01:52:05 UTC
TASK_CREATE: user=22 task=53 title=sample task 2 for gen_1763776324_0 time=2025-11-22 01:52:05 UTC
TASK_CREATE: user=23 task=54 title=sample task 0 for gen_1763776324_1 time=2025-11-22 01:52:05 UTC
TASK_CREATE: user=23 task=55 title=sample task 1 for gen_1763776324_1 time=2025-11-22 01:52:05 UTC
TASK_CREATE: user=23 task=56 title=sample task 2 for gen_1763776324_1 time=2025-11-22 01:52:05 UTC
TASK_CREATE: user=24 task=57 title=sample task 0 for gen_1763776324_2 time=2025-11-22 01:52:05 UTC
TASK_CREATE: user=24 task=58 title=sample task 1 for gen_1763776324_2 time=2025-11-22 01:52:05 UTC
TASK_CREATE: user=24 task=59 title=sample task 2 for gen_1763776324_2 time=2025-11-22 01:52:05 UTC
TASK_CREATE: user=25 task=60 title=sample task 0 for gen_1763776324_3 time=2025-11-22 01:52:05 UTC
TASK_CREATE: user=25 task=61 title=sample task 1 for gen_1763776324_3 time=2025-11-22 01:52:05 UTC
TASK_CREATE: user=25 task=62 title=sample task 2 for gen_1763776324_3 time=2025-11-22 01:52:05 UTC
TASK_CREATE: user=26 task=63 title=sample task 0 for gen_1763776325_4 time=2025-11-22 01:52:05 UTC
TASK_CREATE: user=26 task=64 title=sample task 1 for gen_1763776325_4 time=2025-11-22 01:52:05 UTC
TASK_CREATE: user=26 task=65 title=sample task 2 for gen_1763776325_4 time=2025-11-22 01:52:05 UTC
REGISTER: gen_1763776332_0 id=27 time=2025-11-22T01:52:12Z time=2025-11-22 01:52:13 UTC
REGISTER: gen_1763776333_1 id=28 time=2025-11-22T01:52:13Z time=2025-11-22 01:52:13 UTC
REGISTER: gen_1763776333_2 id=29 time=2025-11-22T01:52:13Z time=2025-11-22 01:52:13 UTC
REGISTER: gen_1763776333_3 id=30 time=2025-11-22T01:52:13Z time=2025-11-22 01:52:13 UTC
REGISTER: gen_1763776333_4 id=31 time=2025-11-22T01:52:13Z time=2025-11-22 01:52:13 UTC
TASK_CREATE: user=27 task=66 title=sample task 0 for gen_1763776332_0 time=2025-11-22 01:52:13 UTC
TASK_CREATE: user=27 task=67 title=sample task 1 for gen_1763776332_0 time=2025-11-22 01:52:13 UTC
TASK_CREATE: user=27 task=68 title=sample task 2 for gen_1763776332_0 time=2025-11-22 01:52:13 UTC
TASK_CREATE: user=28 task=69 title=sample task 0 for gen_1763776333_1 time=2025-11-22 01:52:13 UTC
TASK_CREATE: user=28 task=70 title=sample task 1 for gen_1763776333_1 time=2025-11-22 01:52:13 UTC
TASK_CREATE: user=28 task=71 title=sample task 2 for gen_1763776333_1 time=2025-11-22 01:52:13 UTC
TASK_CREATE: user=29 task=72 title=sample task 0 for gen_1763776333_2 time=2025-11-22 01:52:13 UTC
TASK_CREATE: user=29 task=73 title=sample task 1 for gen_1763776333_2 time=2025-11-22 01:52:13 UTC
TASK_CREATE: user=29 task=74 title=sample task 2 for gen_1763776333_2 time=2025-11-22 01:52:13 UTC
TASK_CREATE: user=30 task=75 title=sample task 0 for gen_1763776333_3 time=2025-11-22 01:52:13 UTC
TASK_CREATE: user=30 task=76 title=sample task 1 for gen_1763776333_3 time=2025-11-22 01:52:13 UTC
TASK_CREATE: user=30 task=77 title=sample task 2 for gen_1763776333_3 time=2025-11-22 01:52:13 UTC
TASK_CREATE: user=31 task=78 title=sample task 0 for gen_1763776333_4 time=2025-11-22 01:52:13 UTC
TASK_CREATE: user=31 task=79 title=sample task 1 for gen_1763776333_4 time=2025-11-22 01:52:13 UTC
TASK_CREATE: user=31 task=80 title=sample task 2 for gen_1763776333_4 time=2025-11-22 01:52:13 UTC
ADMIN_DELETE_ALL invoked (unauthenticated) time=2025-11-22T01:52:13Z time=2025-11-22 01:52:13 UTC
LOGIN: alice id=1 time=2025-11-22 02:13:56 UTC
REGISTER: gen_1763777650_0 id=32 time=2025-11-22T02:14:10Z time=2025-11-22 02:14:10 UTC
REGISTER: gen_1763777650_1 id=33 time=2025-11-22T02:14:10Z time=2025-11-22 02:14:10 UTC
REGISTER: gen_1763777650_2 id=34 time=2025-11-22T02:14:10Z time=2025-11-22 02:14:11 UTC
REGISTER: gen_1763777651_3 id=35 time=2025-11-22T02:14:11Z time=2025-11-22 02:14:11 UTC
TASK_CREATE: user=32 task=1 title=sample task 0 for gen_1763777650_0 time=2025-11-22 02:14:11 UTC
TASK_CREATE: user=32 task=2 title=sample task 1 for gen_1763777650_0 time=2025-11-22 02:14:11 UTC
TASK_CREATE: user=32 task=3 title=sample task 2 for gen_1763777650_0 time=2025-11-22 02:14:11 UTC
TASK_CREATE: user=32 task=4 title=sample task 3 for gen_1763777650_0 time=2025-11-22 02:14:11 UTC
TASK_CREATE: user=32 task=5 title=sample task 4 for gen_1763777650_0 time=2025-11-22 02:14:11 UTC
TASK_CREATE: user=33 task=6 title=sample task 0 for gen_1763777650_1 time=2025-11-22 02:14:11 UTC
TASK_CREATE: user=33 task=7 title=sample task 1 for gen_1763777650_1 time=2025-11-22 02:14:11 UTC
TASK_CREATE: user=33 task=8 title=sample task 2 for gen_1763777650_1 time=2025-11-22 02:14:11 UTC
TASK_CREATE: user=33 task=9 title=sample task 3 for gen_1763777650_1 time=2025-11-22 02:14:11 UTC
TASK_CREATE: user=33 task=10 title=sample task 4 for gen_1763777650_1 time=2025-11-22 02:14:11 UTC
TASK_CREATE: user=34 task=11 title=sample task 0 for gen_1763777650_2 time=2025-11-22 02:14:11 UTC
TASK_CREATE: user=34 task=12 title=sample task 1 for gen_1763777650_2 time=2025-11-22 02:14:11 UTC
TASK_CREATE: user=34 task=13 title=sample task 2 for gen_1763777650_2 time=2025-11-22 02:14:11 UTC
TASK_CREATE: user=34 task=14 title=sample task 3 for gen_1763777650_2 time=2025-11-22 02:14:11 UTC
TASK_CREATE: user=34 task=15 title=sample task 4 for gen_1763777650_2 time=2025-11-22 02:14:11 UTC
TASK_CREATE: user=35 task=16 title=sample task 0 for gen_1763777651_3 time=2025-11-22 02:14:11 UTC
TASK_CREATE: user=35 task=17 title=sample task 1 for gen_1763777651_3 time=2025-11-22 02:14:11 UTC
TASK_CREATE: user=35 task=18 title=sample task 2 for gen_1763777651_3 time=2025-11-22 02:14:11 UTC
TASK_CREATE: user=35 task=19 title=sample task 3 for gen_1763777651_3 time=2025-11-22 02:14:11 UTC
TASK_CREATE: user=35 task=20 title=sample task 4 for gen_1763777651_3 time=2025-11-22 02:14:11 UTC
REGISTER: gen_1763777684_0 id=36 time=2025-11-22T02:14:44Z time=2025-11-22 02:14:45 UTC
REGISTER: gen_1763777685_1 id=37 time=2025-11-22T02:14:45Z time=2025-11-22 02:14:45 UTC
REGISTER: gen_1763777685_2 id=38 time=2025-11-22T02:14:45Z time=2025-11-22 02:14:45 UTC
REGISTER: gen_1763777685_3 id=39 time=2025-11-22T02:14:45Z time=2025-11-22 02:14:45 UTC
REGISTER: gen_1763777685_4 id=40 time=2025-11-22T02:14:45Z time=2025-11-22 02:14:45 UTC
TASK_CREATE: user=36 task=21 title=sample task 0 for gen_1763777684_0 time=2025-11-22 02:14:45 UTC
TASK_CREATE: user=36 task=22 title=sample task 1 for gen_1763777684_0 time=2025-11-22 02:14:45 UTC
TASK_CREATE: user=36 task=23 title=sample task 2 for gen_1763777684_0 time=2025-11-22 02:14:45 UTC
TASK_CREATE: user=37 task=24 title=sample task 0 for gen_1763777685_1 time=2025-11-22 02:14:45 UTC
TASK_CREATE: user=37 task=25 title=sample task 1 for gen_1763777685_1 time=2025-11-22 02:14:45 UTC
TASK_CREATE: user=37 task=26 title=sample task 2 for gen_1763777685_1 time=2025-11-22 02:14:45 UTC
TASK_CREATE: user=38 task=27 title=sample task 0 for gen_1763777685_2 time=2025-11-22 02:14:45 UTC
TASK_CREATE: user=38 task=28 title=sample task 1 for gen_1763777685_2 time=2025-11-22 02:14:45 UTC
TASK_CREATE: user=38 task=29 title=sample task 2 for gen_1763777685_2 time=2025-11-22 02:14:45 UTC
TASK_CREATE: user=39 task=30 title=sample task 0 for gen_1763777685_3 time=2025-11-22 02:14:45 UTC
TASK_CREATE: user=39 task=31 title=sample task 1 for gen_1763777685_3 time=2025-11-22 02:14:45 UTC
TASK_CREATE: user=39 task=32 title=sample task 2 for gen_1763777685_3 time=2025-11-22 02:14:45 UTC
TASK_CREATE: user=40 task=33 title=sample task 0 for gen_1763777685_4 time=2025-11-22 02:14:45 UTC
TASK_CREATE: user=40 task=34 title=sample task 1 for gen_1763777685_4 time=2025-11-22 02:14:45 UTC
TASK_CREATE: user=40 task=35 title=sample task 2 for gen_1763777685_4 time=2025-11-22 02:14:45 UTC
ADMIN_DELETE_ALL invoked (unauthenticated) time=2025-11-22T02:14:45Z time=2025-11-22 02:14:45 UTC
REGISTER: gen_1763943766_0 id=41 time=2025-11-24T00:22:46Z time=2025-11-24 00:22:47 UTC
REGISTER: gen_1763943767_1 id=42 time=2025-11-24T00:22:47Z time=2025-11-24 00:22:47 UTC
REGISTER: gen_1763943767_2 id=43 time=2025-11-24T00:22:47Z time=2025-11-24 00:22:47 UTC
REGISTER: gen_1763943767_3 id=44 time=2025-11-24T00:22:47Z time=2025-11-24 00:22:47 UTC
REGISTER: gen_1763943767_4 id=45 time=2025-11-24T00:22:47Z time=2025-11-24 00:22:47 UTC
TASK_CREATE: user=41 task=1 title=sample task 0 for gen_1763943766_0 time=2025-11-24 00:22:47 UTC
TASK_CREATE: user=41 task=2 title=sample task 1 for gen_1763943766_0 time=2025-11-24 00:22:47 UTC
TASK_CREATE: user=41 task=3 title=sample task 2 for gen_1763943766_0 time=2025-11-24 00:22:47 UTC
TASK_CREATE: user=42 task=4 title=sample task 0 for gen_1763943767_1 time=2025-11-24 00:22:47 UTC
TASK_CREATE: user=42 task=5 title=sample task 1 for gen_1763943767_1 time=2025-11-24 00:22:47 UTC
TASK_CREATE: user=42 task=6 title=sample task 2 for gen_1763943767_1 time=2025-11-24 00:22:47 UTC
TASK_CREATE: user=43 task=7 title=sample task 0 for gen_1763943767_2 time=2025-11-24 00:22:47 UTC
TASK_CREATE: user=43 task=8 title=sample task 1 for gen_1763943767_2 time=2025-11-24 00:22:47 UTC
TASK_CREATE: user=43 task=9 title=sample task 2 for gen_1763943767_2 time=2025-11-24 00:22:47 UTC
TASK_CREATE: user=44 task=10 title=sample task 0 for gen_1763943767_3 time=2025-11-24 00:22:47 UTC
TASK_CREATE: user=44 task=11 title=sample task 1 for gen_1763943767_3 time=2025-11-24 00:22:47 UTC
TASK_CREATE: user=44 task=12 title=sample task 2 for gen_1763943767_3 time=2025-11-24 00:22:47 UTC
TASK_CREATE: user=45 task=13 title=sample task 0 for gen_1763943767_4 time=2025-11-24 00:22:47 UTC
TASK_CREATE: user=45 task=14 title=sample task 1 for gen_1763943767_4 time=2025-11-24 00:22:47 UTC
TASK_CREATE: user=45 task=15 title=sample task 2 for gen_1763943767_4 time=2025-11-24 00:22:47 UTC
LOGIN: alice id=1 time=2025-11-24 00:24:44 UTC
LOGIN: alice id=1 time=2025-11-24 00:29:45 UTC
ADMIN_DELETE_ALL performed by admin id=1 time=2025-11-24T00:29:50Z time=2025-11-24 00:29:50 UTC
LOGIN: alice id=1 time=2025-11-24 00:52:57 UTC
LOGIN: alice id=1 time=2025-11-25 01:07:36 UTC
LOGIN: alice id=1 time=2025-11-25 01:08:33 UTC
LOGIN: alice id=1 time=2025-11-25 01:09:48 UTC
LOGIN: alice id=1 time=2025-11-25 01:09:58 UTC
ADMIN_DELETE_ALL performed by admin id=1 time=2025-11-25T01:09:59Z time=2025-11-25 01:09:59 UTC
ADMIN_DELETE_ALL performed by admin id=1 time=2025-11-25T01:10:02Z time=2025-11-25 01:10:02 UTC
LOGIN: alice id=1 time=2025-11-25 01:13:07 UTC
LOGIN: alice id=1 time=2025-11-25 01:13:24 UTC
LOGIN: alice id=1 time=2025-11-25 01:16:22 UTC
LOGIN: alice id=1 time=2025-11-25 01:19:03 UTC
LOGIN: alice id=1 time=2025-11-25 01:24:32 UTC
LOGIN: alice id=1 time=2025-11-25 01:24:32 UTC
LOGIN: alice id=1 time=2025-11-25 01:25:29 UTC
LOGIN: alice id=1 time=2025-11-25 01:25:29 UTC
LOGIN: alice id=1 time=2025-11-25 01:26:27 UTC
TASK_CREATE: user=1 task=1 title=clean time=2025-11-25 01:26:37 UTC
TASK_UPDATE: task=1 time=2025-11-25 01:26:58 UTC
ADMIN_DELETE_ALL performed by admin id=1 time=2025-11-25T01:27:13Z time=2025-11-25 01:27:13 UTC
ADMIN_DELETE_ALL performed by admin id=1 time=2025-11-25T01:27:27Z time=2025-11-25 01:27:27 UTC
LOGIN: alice id=1 time=2025-11-25 01:29:45 UTC
ADMIN_DELETE_ALL performed by admin id=1 time=2025-11-25T01:29:52Z time=2025-11-25 01:29:52 UTC
LOGIN: alice id=1 time=2025-11-25 01:32:39 UTC
ADMIN_DELETE_ALL performed by admin id=1 time=2025-11-25T01:32:46Z time=2025-11-25 01:32:46 UTC
TASK_CREATE: user=1 task=1 title=cook time=2025-11-25 01:33:01 UTC
ADMIN_DELETE_ALL performed by admin id=1 time=2025-11-25T01:33:08Z time=2025-11-25 01:33:08 UTC
REGISTER: gen_1764034489_0 id=46 time=2025-11-25T01:34:49Z time=2025-11-25 01:34:49 UTC
REGISTER: gen_1764034489_1 id=47 time=2025-11-25T01:34:49Z time=2025-11-25 01:34:49 UTC
REGISTER: gen_1764034489_2 id=48 time=2025-11-25T01:34:49Z time=2025-11-25 01:34:49 UTC
REGISTER: gen_1764034489_3 id=49 time=2025-11-25T01:34:49Z time=2025-11-25 01:34:49 UTC
REGISTER: gen_1764034489_4 id=50 time=2025-11-25T01:34:49Z time=2025-11-25 01:34:49 UTC
TASK_CREATE: user=46 task=1 title=sample task 0 for gen_1764034489_0 time=2025-11-25 01:34:49 UTC
TASK_CREATE: user=46 task=2 title=sample task 1 for gen_1764034489_0 time=2025-11-25 01:34:49 UTC
TASK_CREATE: user=46 task=3 title=sample task 2 for gen_1764034489_0 time=2025-11-25 01:34:49 UTC
TASK_CREATE: user=47 task=4 title=sample task 0 for gen_1764034489_1 time=2025-11-25 01:34:50 UTC
TASK_CREATE: user=47 task=5 title=sample task 1 for gen_1764034489_1 time=2025-11-25 01:34:50 UTC
TASK_CREATE: user=47 task=6 title=sample task 2 for gen_1764034489_1 time=2025-11-25 01:34:50 UTC
TASK_CREATE: user=48 task=7 title=sample task 0 for gen_1764034489_2 time=2025-11-25 01:34:50 UTC
TASK_CREATE: user=48 task=8 title=sample task 1 for gen_1764034489_2 time=2025-11-25 01:34:50 UTC
TASK_CREATE: user=48 task=9 title=sample task 2 for gen_1764034489_2 time=2025-11-25 01:34:50 UTC
TASK_CREATE: user=49 task=10 title=sample task 0 for gen_1764034489_3 time=2025-11-25 01:34:50 UTC
TASK_CREATE: user=49 task=11 title=sample task 1 for gen_1764034489_3 time=2025-11-25 01:34:50 UTC
TASK_CREATE: user=49 task=12 title=sample task 2 for gen_1764034489_3 time=2025-11-25 01:34:50 UTC
TASK_CREATE: user=50 task=13 title=sample task 0 for gen_1764034489_4 time=2025-11-25 01:34:50 UTC
TASK_CREATE: user=50 task=14 title=sample task 1 for gen_1764034489_4 time=2025-11-25 01:34:50 UTC
TASK_CREATE: user=50 task=15 title=sample task 2 for gen_1764034489_4 time=2025-11-25 01:34:50 UTC
ADMIN_DELETE_ALL invoked (unauthenticated) time=2025-11-25T01:34:50Z time=2025-11-25 01:34:50 UTC
REGISTER: gen_1764034504_0 id=51 time=2025-11-25T01:35:04Z time=2025-11-25 01:35:04 UTC
REGISTER: gen_1764034504_1 id=52 time=2025-11-25T01:35:04Z time=2025-11-25 01:35:04 UTC
REGISTER: gen_1764034504_2 id=53 time=2025-11-25T01:35:04Z time=2025-11-25 01:35:04 UTC
REGISTER: gen_1764034504_3 id=54 time=2025-11-25T01:35:04Z time=2025-11-25 01:35:05 UTC
REGISTER: gen_1764034505_4 id=55 time=2025-11-25T01:35:05Z time=2025-11-25 01:35:05 UTC
TASK_CREATE: user=51 task=1 title=sample task 0 for gen_1764034504_0 time=2025-11-25 01:35:05 UTC
TASK_CREATE: user=51 task=2 title=sample task 1 for gen_1764034504_0 time=2025-11-25 01:35:05 UTC
TASK_CREATE: user=51 task=3 title=sample task 2 for gen_1764034504_0 time=2025-11-25 01:35:05 UTC
TASK_CREATE: user=52 task=4 title=sample task 0 for gen_1764034504_1 time=2025-11-25 01:35:05 UTC
TASK_CREATE: user=52 task=5 title=sample task 1 for gen_1764034504_1 time=2025-11-25 01:35:05 UTC
TASK_CREATE: user=52 task=6 title=sample task 2 for gen_1764034504_1 time=2025-11-25 01:35:05 UTC
TASK_CREATE: user=53 task=7 title=sample task 0 for gen_1764034504_2 time=2025-11-25 01:35:05 UTC
TASK_CREATE: user=53 task=8 title=sample task 1 for gen_1764034504_2 time=2025-11-25 01:35:05 UTC
TASK_CREATE: user=53 task=9 title=sample task 2 for gen_1764034504_2 time=2025-11-25 01:35:05 UTC
TASK_CREATE: user=54 task=10 title=sample task 0 for gen_1764034504_3 time=2025-11-25 01:35:05 UTC
TASK_CREATE: user=54 task=11 title=sample task 1 for gen_1764034504_3 time=2025-11-25 01:35:05 UTC
TASK_CREATE: user=54 task=12 title=sample task 2 for gen_1764034504_3 time=2025-11-25 01:35:05 UTC
TASK_CREATE: user=55 task=13 title=sample task 0 for gen_1764034505_4 time=2025-11-25 01:35:05 UTC
TASK_CREATE: user=55 task=14 title=sample task 1 for gen_1764034505_4 time=2025-11-25 01:35:05 UTC
TASK_CREATE: user=55 task=15 title=sample task 2 for gen_1764034505_4 time=2025-11-25 01:35:05 UTC
